This is pdfTeX, Version 3.141592653-2.6-1.40.22 (TeX Live 2022/dev/Debian) (preloaded format=pdflatex 2023.8.27)  26 NOV 2023 18:50
entering extended mode
 restricted \write18 enabled.
 file:line:error style messages enabled.
 %&-line parsing enabled.
**/home/david/semestre-2024/redes_computadora/practicas/practica07/Main.tex
(/home/david/semestre-2024/redes_computadora/practicas/practica07/Main.tex
LaTeX2e <2021-11-15> patch level 1
L3 programming layer <2022-01-21> (/usr/share/texlive/texmf-dist/tex/latex/base/book.cls
Document Class: book 2021/10/04 v1.4n Standard LaTeX document class
(/usr/share/texlive/texmf-dist/tex/latex/base/bk10.clo
File: bk10.clo 2021/10/04 v1.4n Standard LaTeX file (size option)
)
\c@part=\count185
\c@chapter=\count186
\c@section=\count187
\c@subsection=\count188
\c@subsubsection=\count189
\c@paragraph=\count190
\c@subparagraph=\count191
\c@figure=\count192
\c@table=\count193
\abovecaptionskip=\skip47
\belowcaptionskip=\skip48
\bibindent=\dimen138
) (/usr/share/texlive/texmf-dist/tex/latex/fancyhdr/fancyhdr.sty
Package: fancyhdr 2021/01/28 v4.0.1 Extensive control of page headers and footers
\f@nch@headwidth=\skip49
\f@nch@O@elh=\skip50
\f@nch@O@erh=\skip51
\f@nch@O@olh=\skip52
\f@nch@O@orh=\skip53
\f@nch@O@elf=\skip54
\f@nch@O@erf=\skip55
\f@nch@O@olf=\skip56
\f@nch@O@orf=\skip57
) (/usr/share/texlive/texmf-dist/tex/latex/graphics/graphicx.sty
Package: graphicx 2021/09/16 v1.2d Enhanced LaTeX Graphics (DPC,SPQR)
 (/usr/share/texlive/texmf-dist/tex/latex/graphics/keyval.sty
Package: keyval 2014/10/28 v1.15 key=value parser (DPC)
\KV@toks@=\toks16
) (/usr/share/texlive/texmf-dist/tex/latex/graphics/graphics.sty
Package: graphics 2021/03/04 v1.4d Standard LaTeX Graphics (DPC,SPQR)
 (/usr/share/texlive/texmf-dist/tex/latex/graphics/trig.sty
Package: trig 2021/08/11 v1.11 sin cos tan (DPC)
) (/usr/share/texlive/texmf-dist/tex/latex/graphics-cfg/graphics.cfg
File: graphics.cfg 2016/06/04 v1.11 sample graphics configuration
)
Package graphics Info: Driver file: pdftex.def on input line 107.
 (/usr/share/texlive/texmf-dist/tex/latex/graphics-def/pdftex.def
File: pdftex.def 2020/10/05 v1.2a Graphics/color driver for pdftex
))
\Gin@req@height=\dimen139
\Gin@req@width=\dimen140
) (/usr/share/texlive/texmf-dist/tex/latex/geometry/geometry.sty
Package: geometry 2020/01/02 v5.9 Page Geometry
 (/usr/share/texlive/texmf-dist/tex/generic/iftex/ifvtex.sty
Package: ifvtex 2019/10/25 v1.7 ifvtex legacy package. Use iftex instead.
 (/usr/share/texlive/texmf-dist/tex/generic/iftex/iftex.sty
Package: iftex 2020/03/06 v1.0d TeX engine tests
))
\Gm@cnth=\count194
\Gm@cntv=\count195
\c@Gm@tempcnt=\count196
\Gm@bindingoffset=\dimen141
\Gm@wd@mp=\dimen142
\Gm@odd@mp=\dimen143
\Gm@even@mp=\dimen144
\Gm@layoutwidth=\dimen145
\Gm@layoutheight=\dimen146
\Gm@layouthoffset=\dimen147
\Gm@layoutvoffset=\dimen148
\Gm@dimlist=\toks17
) (/usr/share/texlive/texmf-dist/tex/latex/anysize/anysize.sty
Package: anysize 1994/08/13 setting margin sizes

document style option `anysize' loaded
Michael Salzenberg, Thomas Esser, Dirk Hillbrecht
Version 1.0, Aug 13, 1994
\@Leftmargin=\dimen149
\@Rightmargin=\dimen150
\@Topmargin=\dimen151
\@Bottommargin=\dimen152
) (/usr/share/texlive/texmf-dist/tex/latex/xcolor/xcolor.sty
Package: xcolor 2021/10/31 v2.13 LaTeX color extensions (UK)
 (/usr/share/texlive/texmf-dist/tex/latex/graphics-cfg/color.cfg
File: color.cfg 2016/01/02 v1.6 sample color configuration
)
Package xcolor Info: Driver file: pdftex.def on input line 227.
Package xcolor Info: Model `cmy' substituted by `cmy0' on input line 1352.
Package xcolor Info: Model `hsb' substituted by `rgb' on input line 1356.
Package xcolor Info: Model `RGB' extended on input line 1368.
Package xcolor Info: Model `HTML' substituted by `rgb' on input line 1370.
Package xcolor Info: Model `Hsb' substituted by `hsb' on input line 1371.
Package xcolor Info: Model `tHsb' substituted by `hsb' on input line 1372.
Package xcolor Info: Model `HSB' substituted by `hsb' on input line 1373.
Package xcolor Info: Model `Gray' substituted by `gray' on input line 1374.
Package xcolor Info: Model `wave' substituted by `hsb' on input line 1375.
) (/usr/share/texlive/texmf-dist/tex/latex/caption/caption.sty
Package: caption 2020/10/26 v3.5g Customizing captions (AR)
 (/usr/share/texlive/texmf-dist/tex/latex/caption/caption3.sty
Package: caption3 2020/10/21 v2.2e caption3 kernel (AR)
\captionmargin=\dimen153
\captionmargin@=\dimen154
\captionwidth=\dimen155
\caption@tempdima=\dimen156
\caption@indent=\dimen157
\caption@parindent=\dimen158
\caption@hangindent=\dimen159
Package caption Info: Standard document class detected.
)
\c@caption@flags=\count197
\c@continuedfloat=\count198
) (/usr/share/texlive/texmf-dist/tex/latex/caption/subcaption.sty
Package: subcaption 2020/10/07 v1.3j Sub-captions (AR)
\c@subfigure=\count199
\c@subtable=\count266
) (/usr/share/texlive/texmf-dist/tex/latex/l3backend/l3backend-pdftex.def
File: l3backend-pdftex.def 2022-01-12 L3 backend support: PDF output (pdfTeX)
\l__color_backend_stack_int=\count267
\l__pdf_internal_box=\box50
)

LaTeX Warning: Unused global option(s):
    [14pt].

(./Main.aux)
\openout1 = `Main.aux'.

LaTeX Font Info:    Checking defaults for OML/cmm/m/it on input line 22.
LaTeX Font Info:    ... okay on input line 22.
LaTeX Font Info:    Checking defaults for OMS/cmsy/m/n on input line 22.
LaTeX Font Info:    ... okay on input line 22.
LaTeX Font Info:    Checking defaults for OT1/cmr/m/n on input line 22.
LaTeX Font Info:    ... okay on input line 22.
LaTeX Font Info:    Checking defaults for T1/cmr/m/n on input line 22.
LaTeX Font Info:    ... okay on input line 22.
LaTeX Font Info:    Checking defaults for TS1/cmr/m/n on input line 22.
LaTeX Font Info:    ... okay on input line 22.
LaTeX Font Info:    Checking defaults for OMX/cmex/m/n on input line 22.
LaTeX Font Info:    ... okay on input line 22.
LaTeX Font Info:    Checking defaults for U/cmr/m/n on input line 22.
LaTeX Font Info:    ... okay on input line 22.
 (/usr/share/texlive/texmf-dist/tex/context/base/mkii/supp-pdf.mkii
[Loading MPS to PDF converter (version 2006.09.02).]
\scratchcounter=\count268
\scratchdimen=\dimen160
\scratchbox=\box51
\nofMPsegments=\count269
\nofMParguments=\count270
\everyMPshowfont=\toks18
\MPscratchCnt=\count271
\MPscratchDim=\dimen161
\MPnumerator=\count272
\makeMPintoPDFobject=\count273
\everyMPtoPDFconversion=\toks19
) (/usr/share/texlive/texmf-dist/tex/latex/epstopdf-pkg/epstopdf-base.sty
Package: epstopdf-base 2020-01-24 v2.11 Base part for package epstopdf
Package epstopdf-base Info: Redefining graphics rule for `.eps' on input line 485.
 (/usr/share/texlive/texmf-dist/tex/latex/latexconfig/epstopdf-sys.cfg
File: epstopdf-sys.cfg 2010/07/13 v1.3 Configuration of (r)epstopdf for TeX Live
))
*geometry* driver: auto-detecting
*geometry* detected driver: pdftex
*geometry* verbose mode - [ preamble ] result:
* driver: pdftex
* paper: <default>
* layout: <same size as paper>
* layoutoffset:(h,v)=(0.0pt,0.0pt)
* modes: twoside 
* h-part:(L,W,R)=(71.13188pt, 472.03123pt, 71.13188pt)
* v-part:(T,H,B)=(71.13188pt, 652.70622pt, 71.13188pt)
* \paperwidth=597.50787pt
* \paperheight=845.04684pt
* \textwidth=483.69687pt
* \textheight=675.87341pt
* \oddsidemargin=-15.36449pt
* \evensidemargin=-15.36449pt
* \topmargin=-15.36449pt
* \headheight=12.0pt
* \headsep=18.06749pt
* \topskip=10.0pt
* \footskip=25.29494pt
* \marginparwidth=125.0pt
* \marginparsep=7.0pt
* \columnsep=10.0pt
* \skip\footins=9.0pt plus 4.0pt minus 2.0pt
* \hoffset=0.0pt
* \voffset=0.0pt
* \mag=1000
* \@twocolumnfalse
* \@twosidetrue
* \@mparswitchtrue
* \@reversemarginfalse
* (1in=72.27pt=25.4mm, 1cm=28.453pt)

Package caption Info: Begin \AtBeginDocument code.
Package caption Info: End \AtBeginDocument code.
<images/logo_unam.png, id=1, 1204.5pt x 1354.05875pt>
File: images/logo_unam.png Graphic file (type png)
<use images/logo_unam.png>
Package pdftex.def Info: images/logo_unam.png  used on input line 27.
(pdftex.def)             Requested size: 96.36197pt x 108.3269pt.
LaTeX Font Info:    External font `cmex10' loaded for size
(Font)              <7> on input line 29.
LaTeX Font Info:    External font `cmex10' loaded for size
(Font)              <5> on input line 29.
<images/logo_ciencias.png, id=3, 449.68pt x 513.92pt>
File: images/logo_ciencias.png Graphic file (type png)
<use images/logo_ciencias.png>
Package pdftex.def Info: images/logo_ciencias.png  used on input line 32.
(pdftex.def)             Requested size: 98.9299pt x 113.06274pt.
[1{/var/lib/texmf/fonts/map/pdftex/updmap/pdftex.map}

 <./images/logo_unam.png> <./images/logo_ciencias.png>]
Underfull \hbox (badness 10000) in paragraph at lines 84--88

 []


Underfull \hbox (badness 10000) in paragraph at lines 95--97

 []

<images/no router rip.png, id=18, 1927.2pt x 1084.05pt>
File: images/no router rip.png Graphic file (type png)
<use images/no router rip.png>
Package pdftex.def Info: images/no router rip.png  used on input line 98.
(pdftex.def)             Requested size: 341.41139pt x 227.60759pt.

Underfull \hbox (badness 10000) in paragraph at lines 98--99

 []


Underfull \hbox (badness 10000) in paragraph at lines 100--103

 []

<images/configuracion unam 2.png, id=19, 1927.2pt x 1084.05pt>
File: images/configuracion unam 2.png Graphic file (type png)
<use images/configuracion unam 2.png>
Package pdftex.def Info: images/configuracion unam 2.png  used on input line 104.
(pdftex.def)             Requested size: 341.41139pt x 227.60759pt.

Underfull \hbox (badness 10000) in paragraph at lines 104--105

 []

[2 <./images/no router rip.png>]
Underfull \hbox (badness 10000) in paragraph at lines 106--108

 []

<images/configutacion general 1.png, id=24, 1927.2pt x 1084.05pt>
File: images/configutacion general 1.png Graphic file (type png)
<use images/configutacion general 1.png>
Package pdftex.def Info: images/configutacion general 1.png  used on input line 109.
(pdftex.def)             Requested size: 341.41139pt x 227.60759pt.

Underfull \hbox (badness 10000) in paragraph at lines 109--110

 []


Underfull \hbox (badness 10000) in paragraph at lines 111--112

 []

<images/general google.png, id=25, 1927.2pt x 1084.05pt>
File: images/general google.png Graphic file (type png)
<use images/general google.png>
Package pdftex.def Info: images/general google.png  used on input line 113.
(pdftex.def)             Requested size: 341.41139pt x 227.60759pt.

Underfull \hbox (badness 10000) in paragraph at lines 113--114

 []


Underfull \vbox (badness 10000) has occurred while \output is active []

 [3 <./images/configuracion unam 2.png> <./images/configutacion general 1.png>]
Underfull \hbox (badness 10000) in paragraph at lines 115--116

 []

<images/general telmex.png, id=29, 1927.2pt x 1084.05pt>
File: images/general telmex.png Graphic file (type png)
<use images/general telmex.png>
Package pdftex.def Info: images/general telmex.png  used on input line 117.
(pdftex.def)             Requested size: 341.41139pt x 227.60759pt.

Underfull \hbox (badness 10000) in paragraph at lines 117--118

 []


Underfull \hbox (badness 10000) in paragraph at lines 119--121

 []

<images/redistro unam.png, id=30, 1927.2pt x 1084.05pt>
File: images/redistro unam.png Graphic file (type png)
<use images/redistro unam.png>
Package pdftex.def Info: images/redistro unam.png  used on input line 122.
(pdftex.def)             Requested size: 341.41139pt x 227.60759pt.

Underfull \hbox (badness 10000) in paragraph at lines 122--123

 []


Underfull \vbox (badness 10000) has occurred while \output is active []

 [4 <./images/general google.png> <./images/general telmex.png>]
Underfull \hbox (badness 10000) in paragraph at lines 127--129

 []


Underfull \hbox (badness 10000) in paragraph at lines 130--131

 []

<images/comandos UNAM.png, id=34, 1927.2pt x 1084.05pt>
File: images/comandos UNAM.png Graphic file (type png)
<use images/comandos UNAM.png>
Package pdftex.def Info: images/comandos UNAM.png  used on input line 132.
(pdftex.def)             Requested size: 341.41139pt x 227.60759pt.

Underfull \hbox (badness 10000) in paragraph at lines 132--133

 []


Underfull \hbox (badness 10000) in paragraph at lines 134--135

 []

<images/comandos GOOGLE.png, id=35, 1927.2pt x 1084.05pt>
File: images/comandos GOOGLE.png Graphic file (type png)
<use images/comandos GOOGLE.png>
Package pdftex.def Info: images/comandos GOOGLE.png  used on input line 136.
(pdftex.def)             Requested size: 341.41139pt x 227.60759pt.

Underfull \hbox (badness 10000) in paragraph at lines 136--137

 []


Underfull \vbox (badness 10000) has occurred while \output is active []

 [5 <./images/redistro unam.png> <./images/comandos UNAM.png>]
Underfull \hbox (badness 10000) in paragraph at lines 138--139

 []

<images/comandos TELMEX.png, id=39, 1927.2pt x 1084.05pt>
File: images/comandos TELMEX.png Graphic file (type png)
<use images/comandos TELMEX.png>
Package pdftex.def Info: images/comandos TELMEX.png  used on input line 140.
(pdftex.def)             Requested size: 341.41139pt x 227.60759pt.

Underfull \hbox (badness 10000) in paragraph at lines 140--141

 []


Underfull \hbox (badness 10000) in paragraph at lines 142--143

 []


Underfull \hbox (badness 10000) in paragraph at lines 150--151

 []

<images/captura1.png, id=40, 1927.2pt x 1084.05pt>
File: images/captura1.png Graphic file (type png)
<use images/captura1.png>
Package pdftex.def Info: images/captura1.png  used on input line 152.
(pdftex.def)             Requested size: 341.41139pt x 227.60759pt.

Overfull \hbox (11.94981pt too wide) in paragraph at lines 152--153
[][]\OT1/cmr/m/n/10 PC1-DGTIC a www.google.com.mx 
 []


Underfull \hbox (badness 10000) in paragraph at lines 152--153

 []

[6 <./images/comandos GOOGLE.png> <./images/comandos TELMEX.png>]
<images/captura2.png, id=45, 1927.2pt x 1084.05pt>
File: images/captura2.png Graphic file (type png)
<use images/captura2.png>
Package pdftex.def Info: images/captura2.png  used on input line 154.
(pdftex.def)             Requested size: 341.41139pt x 227.60759pt.

Underfull \hbox (badness 10000) in paragraph at lines 154--155

 []

<images/captura3.png, id=46, 1927.2pt x 1084.05pt>
File: images/captura3.png Graphic file (type png)
<use images/captura3.png>
Package pdftex.def Info: images/captura3.png  used on input line 156.
(pdftex.def)             Requested size: 341.41139pt x 227.60759pt.

Underfull \hbox (badness 10000) in paragraph at lines 156--157

 []


Underfull \vbox (badness 10000) has occurred while \output is active []

 [7 <./images/captura1.png> <./images/captura2.png>]
<images/captura4.png, id=51, 1927.2pt x 1084.05pt>
File: images/captura4.png Graphic file (type png)
<use images/captura4.png>
Package pdftex.def Info: images/captura4.png  used on input line 158.
(pdftex.def)             Requested size: 341.41139pt x 227.60759pt.

Overfull \hbox (7.9093pt too wide) in paragraph at lines 158--159
[][]\OT1/cmr/m/n/10 Laptop1 a www.fciencias.unam.mx 
 []


Underfull \hbox (badness 10000) in paragraph at lines 158--159

 []

<images/captura5.png, id=52, 1927.2pt x 1084.05pt>
File: images/captura5.png Graphic file (type png)
<use images/captura5.png>
Package pdftex.def Info: images/captura5.png  used on input line 160.
(pdftex.def)             Requested size: 341.41139pt x 227.60759pt.

Overfull \hbox (13.85378pt too wide) in paragraph at lines 160--161
[][]\OT1/cmr/m/n/10 Smartphone2 a www.google.com.mx 
 []


Underfull \hbox (badness 10000) in paragraph at lines 160--161

 []


Underfull \vbox (badness 10000) has occurred while \output is active []

 [8 <./images/captura3.png> <./images/captura4.png>]
<images/captura6.png, id=56, 1927.2pt x 1084.05pt>
File: images/captura6.png Graphic file (type png)
<use images/captura6.png>
Package pdftex.def Info: images/captura6.png  used on input line 162.
(pdftex.def)             Requested size: 341.41139pt x 227.60759pt.

Underfull \hbox (badness 10000) in paragraph at lines 162--163

 []

<images/captura7 .png, id=57, 1927.2pt x 1084.05pt>
File: images/captura7 .png Graphic file (type png)
<use images/captura7 .png>
Package pdftex.def Info: images/captura7 .png  used on input line 164.
(pdftex.def)             Requested size: 341.41139pt x 227.60759pt.

Overfull \hbox (29.4649pt too wide) in paragraph at lines 164--165
[][]\OT1/cmr/m/n/10 Smartphone2 a www.fciencias.unam.mx 
 []


Underfull \hbox (badness 10000) in paragraph at lines 164--165

 []


Underfull \vbox (badness 10000) has occurred while \output is active []

 [9 <./images/captura5.png> <./images/captura6.png>]
Underfull \hbox (badness 10000) in paragraph at lines 166--167

 []

<images/dns1.png, id=61, 1927.2pt x 1084.05pt>
File: images/dns1.png Graphic file (type png)
<use images/dns1.png>
Package pdftex.def Info: images/dns1.png  used on input line 168.
(pdftex.def)             Requested size: 341.41139pt x 227.60759pt.

Underfull \hbox (badness 10000) in paragraph at lines 168--169

 []

<images/dns2.png, id=62, 1927.2pt x 1084.05pt>
File: images/dns2.png Graphic file (type png)
<use images/dns2.png>
Package pdftex.def Info: images/dns2.png  used on input line 170.
(pdftex.def)             Requested size: 341.41139pt x 227.60759pt.

Underfull \hbox (badness 10000) in paragraph at lines 170--171

 []


Underfull \vbox (badness 10000) has occurred while \output is active []

 [10 <./images/captura7 .png> <./images/dns1.png>]
<images/dns3.png, id=66, 1927.2pt x 1084.05pt>
File: images/dns3.png Graphic file (type png)
<use images/dns3.png>
Package pdftex.def Info: images/dns3.png  used on input line 172.
(pdftex.def)             Requested size: 341.41139pt x 227.60759pt.

Underfull \hbox (badness 10000) in paragraph at lines 172--173

 []

<images/dns4.png, id=67, 1927.2pt x 1084.05pt>
File: images/dns4.png Graphic file (type png)
<use images/dns4.png>
Package pdftex.def Info: images/dns4.png  used on input line 174.
(pdftex.def)             Requested size: 341.41139pt x 227.60759pt.

Underfull \hbox (badness 10000) in paragraph at lines 174--175

 []


Underfull \vbox (badness 10000) has occurred while \output is active []

 [11 <./images/dns2.png> <./images/dns3.png>] [12 <./images/dns4.png>] (./Main.aux) ) 
Here is how much of TeX's memory you used:
 4029 strings out of 478287
 68830 string characters out of 5849289
 368500 words of memory out of 5000000
 22207 multiletter control sequences out of 15000+600000
 473229 words of font info for 41 fonts, out of 8000000 for 9000
 1141 hyphenation exceptions out of 8191
 55i,12n,63p,445b,286s stack positions out of 5000i,500n,10000p,200000b,80000s
</usr/share/texlive/texmf-dist/fonts/type1/public/amsfonts/cm/cmbx10.pfb></usr/share/texlive/texmf-dist/fonts/type1/public/amsfonts/cm/cmbx12.pfb></usr/share/texlive/texmf-dist/fonts/type1/public/amsfonts/cm/cmcsc10.pfb></usr/share/texlive/texmf-dist/fonts/type1/public/amsfonts/cm/cmmi10.pfb></usr/share/texlive/texmf-dist/fonts/type1/public/amsfonts/cm/cmr10.pfb></usr/share/texlive/texmf-dist/fonts/type1/public/amsfonts/cm/cmr12.pfb></usr/share/texlive/texmf-dist/fonts/type1/public/amsfonts/cm/cmr8.pfb></usr/share/texlive/texmf-dist/fonts/type1/public/amsfonts/cm/cmr9.pfb></usr/share/texlive/texmf-dist/fonts/type1/public/amsfonts/cm/cmti9.pfb>
Output written on Main.pdf (12 pages, 6517666 bytes).
PDF statistics:
 113 PDF objects out of 1000 (max. 8388607)
 56 compressed objects within 1 object stream
 0 named destinations out of 1000 (max. 500000)
 111 words of extra memory for PDF output out of 10000 (max. 10000000)

