This is pdfTeX, Version 3.141592653-2.6-1.40.22 (TeX Live 2022/dev/Debian) (preloaded format=pdflatex 2023.8.27)  9 NOV 2023 04:31
entering extended mode
 restricted \write18 enabled.
 file:line:error style messages enabled.
 %&-line parsing enabled.
**/home/david/semestre-2024/redes_computadora/practicas/practica05/Main.tex
(/home/david/semestre-2024/redes_computadora/practicas/practica05/Main.tex
LaTeX2e <2021-11-15> patch level 1
L3 programming layer <2022-01-21> (/usr/share/texlive/texmf-dist/tex/latex/base/book.cls
Document Class: book 2021/10/04 v1.4n Standard LaTeX document class
(/usr/share/texlive/texmf-dist/tex/latex/base/bk10.clo
File: bk10.clo 2021/10/04 v1.4n Standard LaTeX file (size option)
)
\c@part=\count185
\c@chapter=\count186
\c@section=\count187
\c@subsection=\count188
\c@subsubsection=\count189
\c@paragraph=\count190
\c@subparagraph=\count191
\c@figure=\count192
\c@table=\count193
\abovecaptionskip=\skip47
\belowcaptionskip=\skip48
\bibindent=\dimen138
) (/usr/share/texlive/texmf-dist/tex/latex/fancyhdr/fancyhdr.sty
Package: fancyhdr 2021/01/28 v4.0.1 Extensive control of page headers and footers
\f@nch@headwidth=\skip49
\f@nch@O@elh=\skip50
\f@nch@O@erh=\skip51
\f@nch@O@olh=\skip52
\f@nch@O@orh=\skip53
\f@nch@O@elf=\skip54
\f@nch@O@erf=\skip55
\f@nch@O@olf=\skip56
\f@nch@O@orf=\skip57
) (/usr/share/texlive/texmf-dist/tex/latex/graphics/graphicx.sty
Package: graphicx 2021/09/16 v1.2d Enhanced LaTeX Graphics (DPC,SPQR)
 (/usr/share/texlive/texmf-dist/tex/latex/graphics/keyval.sty
Package: keyval 2014/10/28 v1.15 key=value parser (DPC)
\KV@toks@=\toks16
) (/usr/share/texlive/texmf-dist/tex/latex/graphics/graphics.sty
Package: graphics 2021/03/04 v1.4d Standard LaTeX Graphics (DPC,SPQR)
 (/usr/share/texlive/texmf-dist/tex/latex/graphics/trig.sty
Package: trig 2021/08/11 v1.11 sin cos tan (DPC)
) (/usr/share/texlive/texmf-dist/tex/latex/graphics-cfg/graphics.cfg
File: graphics.cfg 2016/06/04 v1.11 sample graphics configuration
)
Package graphics Info: Driver file: pdftex.def on input line 107.
 (/usr/share/texlive/texmf-dist/tex/latex/graphics-def/pdftex.def
File: pdftex.def 2020/10/05 v1.2a Graphics/color driver for pdftex
))
\Gin@req@height=\dimen139
\Gin@req@width=\dimen140
) (/usr/share/texlive/texmf-dist/tex/latex/geometry/geometry.sty
Package: geometry 2020/01/02 v5.9 Page Geometry
 (/usr/share/texlive/texmf-dist/tex/generic/iftex/ifvtex.sty
Package: ifvtex 2019/10/25 v1.7 ifvtex legacy package. Use iftex instead.
 (/usr/share/texlive/texmf-dist/tex/generic/iftex/iftex.sty
Package: iftex 2020/03/06 v1.0d TeX engine tests
))
\Gm@cnth=\count194
\Gm@cntv=\count195
\c@Gm@tempcnt=\count196
\Gm@bindingoffset=\dimen141
\Gm@wd@mp=\dimen142
\Gm@odd@mp=\dimen143
\Gm@even@mp=\dimen144
\Gm@layoutwidth=\dimen145
\Gm@layoutheight=\dimen146
\Gm@layouthoffset=\dimen147
\Gm@layoutvoffset=\dimen148
\Gm@dimlist=\toks17
) (/usr/share/texlive/texmf-dist/tex/latex/anysize/anysize.sty
Package: anysize 1994/08/13 setting margin sizes

document style option `anysize' loaded
Michael Salzenberg, Thomas Esser, Dirk Hillbrecht
Version 1.0, Aug 13, 1994
\@Leftmargin=\dimen149
\@Rightmargin=\dimen150
\@Topmargin=\dimen151
\@Bottommargin=\dimen152
) (/usr/share/texlive/texmf-dist/tex/latex/xcolor/xcolor.sty
Package: xcolor 2021/10/31 v2.13 LaTeX color extensions (UK)
 (/usr/share/texlive/texmf-dist/tex/latex/graphics-cfg/color.cfg
File: color.cfg 2016/01/02 v1.6 sample color configuration
)
Package xcolor Info: Driver file: pdftex.def on input line 227.
Package xcolor Info: Model `cmy' substituted by `cmy0' on input line 1352.
Package xcolor Info: Model `hsb' substituted by `rgb' on input line 1356.
Package xcolor Info: Model `RGB' extended on input line 1368.
Package xcolor Info: Model `HTML' substituted by `rgb' on input line 1370.
Package xcolor Info: Model `Hsb' substituted by `hsb' on input line 1371.
Package xcolor Info: Model `tHsb' substituted by `hsb' on input line 1372.
Package xcolor Info: Model `HSB' substituted by `hsb' on input line 1373.
Package xcolor Info: Model `Gray' substituted by `gray' on input line 1374.
Package xcolor Info: Model `wave' substituted by `hsb' on input line 1375.
) (/usr/share/texlive/texmf-dist/tex/latex/caption/caption.sty
Package: caption 2020/10/26 v3.5g Customizing captions (AR)
 (/usr/share/texlive/texmf-dist/tex/latex/caption/caption3.sty
Package: caption3 2020/10/21 v2.2e caption3 kernel (AR)
\captionmargin=\dimen153
\captionmargin@=\dimen154
\captionwidth=\dimen155
\caption@tempdima=\dimen156
\caption@indent=\dimen157
\caption@parindent=\dimen158
\caption@hangindent=\dimen159
Package caption Info: Standard document class detected.
)
\c@caption@flags=\count197
\c@continuedfloat=\count198
) (/usr/share/texlive/texmf-dist/tex/latex/caption/subcaption.sty
Package: subcaption 2020/10/07 v1.3j Sub-captions (AR)
\c@subfigure=\count199
\c@subtable=\count266
) (/usr/share/texlive/texmf-dist/tex/latex/l3backend/l3backend-pdftex.def
File: l3backend-pdftex.def 2022-01-12 L3 backend support: PDF output (pdfTeX)
\l__color_backend_stack_int=\count267
\l__pdf_internal_box=\box50
)

LaTeX Warning: Unused global option(s):
    [14pt].

(./Main.aux)
\openout1 = `Main.aux'.

LaTeX Font Info:    Checking defaults for OML/cmm/m/it on input line 22.
LaTeX Font Info:    ... okay on input line 22.
LaTeX Font Info:    Checking defaults for OMS/cmsy/m/n on input line 22.
LaTeX Font Info:    ... okay on input line 22.
LaTeX Font Info:    Checking defaults for OT1/cmr/m/n on input line 22.
LaTeX Font Info:    ... okay on input line 22.
LaTeX Font Info:    Checking defaults for T1/cmr/m/n on input line 22.
LaTeX Font Info:    ... okay on input line 22.
LaTeX Font Info:    Checking defaults for TS1/cmr/m/n on input line 22.
LaTeX Font Info:    ... okay on input line 22.
LaTeX Font Info:    Checking defaults for OMX/cmex/m/n on input line 22.
LaTeX Font Info:    ... okay on input line 22.
LaTeX Font Info:    Checking defaults for U/cmr/m/n on input line 22.
LaTeX Font Info:    ... okay on input line 22.
 (/usr/share/texlive/texmf-dist/tex/context/base/mkii/supp-pdf.mkii
[Loading MPS to PDF converter (version 2006.09.02).]
\scratchcounter=\count268
\scratchdimen=\dimen160
\scratchbox=\box51
\nofMPsegments=\count269
\nofMParguments=\count270
\everyMPshowfont=\toks18
\MPscratchCnt=\count271
\MPscratchDim=\dimen161
\MPnumerator=\count272
\makeMPintoPDFobject=\count273
\everyMPtoPDFconversion=\toks19
) (/usr/share/texlive/texmf-dist/tex/latex/epstopdf-pkg/epstopdf-base.sty
Package: epstopdf-base 2020-01-24 v2.11 Base part for package epstopdf
Package epstopdf-base Info: Redefining graphics rule for `.eps' on input line 485.
 (/usr/share/texlive/texmf-dist/tex/latex/latexconfig/epstopdf-sys.cfg
File: epstopdf-sys.cfg 2010/07/13 v1.3 Configuration of (r)epstopdf for TeX Live
))
*geometry* driver: auto-detecting
*geometry* detected driver: pdftex
*geometry* verbose mode - [ preamble ] result:
* driver: pdftex
* paper: <default>
* layout: <same size as paper>
* layoutoffset:(h,v)=(0.0pt,0.0pt)
* modes: twoside 
* h-part:(L,W,R)=(71.13188pt, 472.03123pt, 71.13188pt)
* v-part:(T,H,B)=(71.13188pt, 652.70622pt, 71.13188pt)
* \paperwidth=597.50787pt
* \paperheight=845.04684pt
* \textwidth=483.69687pt
* \textheight=675.87341pt
* \oddsidemargin=-15.36449pt
* \evensidemargin=-15.36449pt
* \topmargin=-15.36449pt
* \headheight=12.0pt
* \headsep=18.06749pt
* \topskip=10.0pt
* \footskip=25.29494pt
* \marginparwidth=125.0pt
* \marginparsep=7.0pt
* \columnsep=10.0pt
* \skip\footins=9.0pt plus 4.0pt minus 2.0pt
* \hoffset=0.0pt
* \voffset=0.0pt
* \mag=1000
* \@twocolumnfalse
* \@twosidetrue
* \@mparswitchtrue
* \@reversemarginfalse
* (1in=72.27pt=25.4mm, 1cm=28.453pt)

Package caption Info: Begin \AtBeginDocument code.
Package caption Info: End \AtBeginDocument code.
<images/logo_unam.png, id=1, 1204.5pt x 1354.05875pt>
File: images/logo_unam.png Graphic file (type png)
<use images/logo_unam.png>
Package pdftex.def Info: images/logo_unam.png  used on input line 27.
(pdftex.def)             Requested size: 96.36197pt x 108.3269pt.
LaTeX Font Info:    External font `cmex10' loaded for size
(Font)              <7> on input line 29.
LaTeX Font Info:    External font `cmex10' loaded for size
(Font)              <5> on input line 29.
<images/logo_ciencias.png, id=3, 449.68pt x 513.92pt>
File: images/logo_ciencias.png Graphic file (type png)
<use images/logo_ciencias.png>
Package pdftex.def Info: images/logo_ciencias.png  used on input line 32.
(pdftex.def)             Requested size: 98.9299pt x 113.06274pt.
[1{/var/lib/texmf/fonts/map/pdftex/updmap/pdftex.map}

 <./images/logo_unam.png> <./images/logo_ciencias.png>]
<images/ima1.png, id=18, 1927.2pt x 1084.05pt>
File: images/ima1.png Graphic file (type png)
<use images/ima1.png>
Package pdftex.def Info: images/ima1.png  used on input line 91.
(pdftex.def)             Requested size: 341.41139pt x 227.60759pt.
<images/ima2.png, id=19, 1927.2pt x 1084.05pt>
File: images/ima2.png Graphic file (type png)
<use images/ima2.png>
Package pdftex.def Info: images/ima2.png  used on input line 93.
(pdftex.def)             Requested size: 341.41139pt x 227.60759pt.

Underfull \hbox (badness 10000) in paragraph at lines 93--94

 []


Underfull \vbox (badness 10000) has occurred while \output is active []

 [2 <./images/ima1.png>]
Underfull \hbox (badness 10000) in paragraph at lines 95--96

 []

<images/ima3.png, id=23, 1927.2pt x 1084.05pt>
File: images/ima3.png Graphic file (type png)
<use images/ima3.png>
Package pdftex.def Info: images/ima3.png  used on input line 98.
(pdftex.def)             Requested size: 341.41139pt x 227.60759pt.
<images/ima4.png, id=24, 1927.2pt x 1084.05pt>
File: images/ima4.png Graphic file (type png)
<use images/ima4.png>
Package pdftex.def Info: images/ima4.png  used on input line 100.
(pdftex.def)             Requested size: 341.41139pt x 227.60759pt.

Underfull \hbox (badness 10000) in paragraph at lines 100--101

 []


Underfull \vbox (badness 10000) has occurred while \output is active []

 [3 <./images/ima2.png> <./images/ima3.png>]
Underfull \hbox (badness 10000) in paragraph at lines 102--104

 []

<images/ima5.png, id=28, 1927.2pt x 1084.05pt>
File: images/ima5.png Graphic file (type png)
<use images/ima5.png>
Package pdftex.def Info: images/ima5.png  used on input line 105.
(pdftex.def)             Requested size: 341.41139pt x 227.60759pt.
<images/ima6.png, id=29, 1927.2pt x 1084.05pt>
File: images/ima6.png Graphic file (type png)
<use images/ima6.png>
Package pdftex.def Info: images/ima6.png  used on input line 107.
(pdftex.def)             Requested size: 341.41139pt x 227.60759pt.

Underfull \hbox (badness 10000) in paragraph at lines 107--108

 []


Underfull \vbox (badness 10000) has occurred while \output is active []

 [4 <./images/ima4.png> <./images/ima5.png>]
Underfull \hbox (badness 10000) in paragraph at lines 109--110

 []

<images/ima7.png, id=33, 1927.2pt x 1084.05pt>
File: images/ima7.png Graphic file (type png)
<use images/ima7.png>
Package pdftex.def Info: images/ima7.png  used on input line 111.
(pdftex.def)             Requested size: 341.41139pt x 227.60759pt.
<images/ima8.png, id=34, 1927.2pt x 1084.05pt>
File: images/ima8.png Graphic file (type png)
<use images/ima8.png>
Package pdftex.def Info: images/ima8.png  used on input line 113.
(pdftex.def)             Requested size: 341.41139pt x 227.60759pt.

Underfull \hbox (badness 10000) in paragraph at lines 113--114

 []


Underfull \vbox (badness 10000) has occurred while \output is active []

 [5 <./images/ima6.png> <./images/ima7.png>]
Underfull \hbox (badness 10000) in paragraph at lines 115--116

 []

<images/ima9.png, id=38, 1927.2pt x 1084.05pt>
File: images/ima9.png Graphic file (type png)
<use images/ima9.png>
Package pdftex.def Info: images/ima9.png  used on input line 117.
(pdftex.def)             Requested size: 341.41139pt x 227.60759pt.

Underfull \hbox (badness 10000) in paragraph at lines 117--118

 []


Underfull \hbox (badness 10000) in paragraph at lines 119--120

 []

<images/prueba de web y smartfphone.png, id=39, 1927.2pt x 1084.05pt>
File: images/prueba de web y smartfphone.png Graphic file (type png)
<use images/prueba de web y smartfphone.png>
Package pdftex.def Info: images/prueba de web y smartfphone.png  used on input line 121.
(pdftex.def)             Requested size: 341.41139pt x 227.60759pt.

Underfull \hbox (badness 10000) in paragraph at lines 121--122

 []


Underfull \vbox (badness 10000) has occurred while \output is active []

 [6 <./images/ima8.png> <./images/ima9.png>]
Underfull \hbox (badness 10000) in paragraph at lines 126--127

 []

<images/dhcp1.png, id=43, 1927.2pt x 1084.05pt>
File: images/dhcp1.png Graphic file (type png)
<use images/dhcp1.png>
Package pdftex.def Info: images/dhcp1.png  used on input line 128.
(pdftex.def)             Requested size: 341.41139pt x 227.60759pt.
<images/dhcp2.png, id=44, 1927.2pt x 1084.05pt>
File: images/dhcp2.png Graphic file (type png)
<use images/dhcp2.png>
Package pdftex.def Info: images/dhcp2.png  used on input line 130.
(pdftex.def)             Requested size: 341.41139pt x 227.60759pt.

Underfull \vbox (badness 10000) has occurred while \output is active []

 [7 <./images/prueba de web y smartfphone.png> <./images/dhcp1.png>]
<images/dhcp3.png, id=50, 1927.2pt x 1084.05pt>
File: images/dhcp3.png Graphic file (type png)
<use images/dhcp3.png>
Package pdftex.def Info: images/dhcp3.png  used on input line 132.
(pdftex.def)             Requested size: 341.41139pt x 227.60759pt.

Underfull \hbox (badness 10000) in paragraph at lines 132--133

 []


Underfull \hbox (badness 10000) in paragraph at lines 134--135

 []

<images/impresoralaba.png, id=51, 1927.2pt x 1084.05pt>
File: images/impresoralaba.png Graphic file (type png)
<use images/impresoralaba.png>
Package pdftex.def Info: images/impresoralaba.png  used on input line 136.
(pdftex.def)             Requested size: 341.41139pt x 227.60759pt.

Underfull \vbox (badness 10000) has occurred while \output is active []

 [8 <./images/dhcp2.png> <./images/dhcp3.png>]
<images/impresoralaba2.png, id=55, 1927.2pt x 1084.05pt>
File: images/impresoralaba2.png Graphic file (type png)
<use images/impresoralaba2.png>
Package pdftex.def Info: images/impresoralaba2.png  used on input line 138.
(pdftex.def)             Requested size: 341.41139pt x 227.60759pt.

Underfull \hbox (badness 10000) in paragraph at lines 138--139

 []


Underfull \hbox (badness 10000) in paragraph at lines 140--141

 []

<images/compus laba.png, id=56, 1927.2pt x 1084.05pt>
File: images/compus laba.png Graphic file (type png)
<use images/compus laba.png>
Package pdftex.def Info: images/compus laba.png  used on input line 142.
(pdftex.def)             Requested size: 341.41139pt x 227.60759pt.

Underfull \hbox (badness 10000) in paragraph at lines 142--143

 []


Underfull \vbox (badness 10000) has occurred while \output is active []

 [9 <./images/impresoralaba.png> <./images/impresoralaba2.png>]
Underfull \hbox (badness 10000) in paragraph at lines 147--148

 []

<images/confirouterlab.png, id=60, 1927.2pt x 1084.05pt>
File: images/confirouterlab.png Graphic file (type png)
<use images/confirouterlab.png>
Package pdftex.def Info: images/confirouterlab.png  used on input line 149.
(pdftex.def)             Requested size: 341.41139pt x 227.60759pt.

Underfull \hbox (badness 10000) in paragraph at lines 149--150

 []


Underfull \hbox (badness 10000) in paragraph at lines 151--152

 []

<images/diagrama con laba.png, id=61, 1927.2pt x 1084.05pt>
File: images/diagrama con laba.png Graphic file (type png)
<use images/diagrama con laba.png>
Package pdftex.def Info: images/diagrama con laba.png  used on input line 153.
(pdftex.def)             Requested size: 341.41139pt x 227.60759pt.

Underfull \hbox (badness 10000) in paragraph at lines 153--154

 []


Underfull \vbox (badness 10000) has occurred while \output is active []

 [10 <./images/compus laba.png> <./images/confirouterlab.png>]
Underfull \hbox (badness 10000) in paragraph at lines 155--156

 []

<images/conexion laba.png, id=65, 1927.2pt x 1084.05pt>
File: images/conexion laba.png Graphic file (type png)
<use images/conexion laba.png>
Package pdftex.def Info: images/conexion laba.png  used on input line 157.
(pdftex.def)             Requested size: 341.41139pt x 227.60759pt.

Underfull \hbox (badness 10000) in paragraph at lines 157--158

 []


Underfull \hbox (badness 10000) in paragraph at lines 159--161

 []

<images/router ciencias.png, id=66, 1927.2pt x 1084.05pt>
File: images/router ciencias.png Graphic file (type png)
<use images/router ciencias.png>
Package pdftex.def Info: images/router ciencias.png  used on input line 162.
(pdftex.def)             Requested size: 341.41139pt x 227.60759pt.

Underfull \hbox (badness 10000) in paragraph at lines 162--163

 []


Underfull \vbox (badness 10000) has occurred while \output is active []

 [11 <./images/diagrama con laba.png> <./images/conexion laba.png>]
Underfull \hbox (badness 10000) in paragraph at lines 164--165

 []

<images/dns c5enc5as.jpeg, id=71, 1084.05pt x 597.23125pt>
File: images/dns c5enc5as.jpeg Graphic file (type jpg)
<use images/dns c5enc5as.jpeg>
Package pdftex.def Info: images/dns c5enc5as.jpeg  used on input line 166.
(pdftex.def)             Requested size: 341.42793pt x 227.62459pt.

Underfull \hbox (badness 10000) in paragraph at lines 166--167

 []


Underfull \hbox (badness 10000) in paragraph at lines 172--173

 []


Underfull \hbox (badness 10000) in paragraph at lines 178--179

 []

<images/redesdgtic.png, id=72, 1927.2pt x 1084.05pt>
File: images/redesdgtic.png Graphic file (type png)
<use images/redesdgtic.png>
Package pdftex.def Info: images/redesdgtic.png  used on input line 180.
(pdftex.def)             Requested size: 341.41139pt x 227.60759pt.

Underfull \hbox (badness 10000) in paragraph at lines 180--181

 []


Underfull \vbox (badness 1424) has occurred while \output is active []

 [12 <./images/router ciencias.png> <./images/dns c5enc5as.jpeg>]
Underfull \hbox (badness 10000) in paragraph at lines 186--187

 []

<images/confweb.png, id=76, 1927.2pt x 1084.05pt>
File: images/confweb.png Graphic file (type png)
<use images/confweb.png>
Package pdftex.def Info: images/confweb.png  used on input line 188.
(pdftex.def)             Requested size: 341.41139pt x 227.60759pt.

Underfull \hbox (badness 10000) in paragraph at lines 188--189

 []


Underfull \hbox (badness 10000) in paragraph at lines 193--194

 []

<images/registros dns.png, id=77, 1927.2pt x 1084.05pt>
File: images/registros dns.png Graphic file (type png)
<use images/registros dns.png>
Package pdftex.def Info: images/registros dns.png  used on input line 195.
(pdftex.def)             Requested size: 341.41139pt x 227.60759pt.

Underfull \hbox (badness 10000) in paragraph at lines 195--196

 []


Underfull \vbox (badness 10000) has occurred while \output is active []

 [13 <./images/redesdgtic.png> <./images/confweb.png>]
Underfull \hbox (badness 10000) in paragraph at lines 197--198

 []

<images/soa.png, id=82, 1927.2pt x 1084.05pt>
File: images/soa.png Graphic file (type png)
<use images/soa.png>
Package pdftex.def Info: images/soa.png  used on input line 199.
(pdftex.def)             Requested size: 341.41139pt x 227.60759pt.

Underfull \hbox (badness 10000) in paragraph at lines 199--200

 []


Underfull \hbox (badness 10000) in paragraph at lines 204--208

 []

<images/router grandote.png, id=83, 1927.2pt x 1084.05pt>
File: images/router grandote.png Graphic file (type png)
<use images/router grandote.png>
Package pdftex.def Info: images/router grandote.png  used on input line 209.
(pdftex.def)             Requested size: 341.41139pt x 227.60759pt.

Underfull \hbox (badness 10000) in paragraph at lines 209--210

 []


Underfull \vbox (badness 10000) has occurred while \output is active []

 [14 <./images/registros dns.png> <./images/soa.png>]
Underfull \hbox (badness 10000) in paragraph at lines 214--218

 []

<images/finaaaaal routers.png, id=87, 1927.2pt x 1084.05pt>
File: images/finaaaaal routers.png Graphic file (type png)
<use images/finaaaaal routers.png>
Package pdftex.def Info: images/finaaaaal routers.png  used on input line 228.
(pdftex.def)             Requested size: 341.41139pt x 227.60759pt.

Underfull \hbox (badness 10000) in paragraph at lines 228--229

 []


Underfull \hbox (badness 10000) in paragraph at lines 233--234

 []

[15 <./images/router grandote.png> <./images/finaaaaal routers.png>]
<images/pc2-unam.png, id=91, 1927.2pt x 1084.05pt>
File: images/pc2-unam.png Graphic file (type png)
<use images/pc2-unam.png>
Package pdftex.def Info: images/pc2-unam.png  used on input line 235.
(pdftex.def)             Requested size: 341.41139pt x 227.60759pt.

Underfull \hbox (badness 10000) in paragraph at lines 235--236

 []

<images/pc2-dgapa.png, id=92, 1927.2pt x 1084.05pt>
File: images/pc2-dgapa.png Graphic file (type png)
<use images/pc2-dgapa.png>
Package pdftex.def Info: images/pc2-dgapa.png  used on input line 237.
(pdftex.def)             Requested size: 341.41139pt x 227.60759pt.

Underfull \hbox (badness 10000) in paragraph at lines 237--238

 []

<images/lap y lab.png, id=93, 1927.2pt x 1084.05pt>
File: images/lap y lab.png Graphic file (type png)
<use images/lap y lab.png>
Package pdftex.def Info: images/lap y lab.png  used on input line 239.
(pdftex.def)             Requested size: 341.41139pt x 227.60759pt.

Underfull \hbox (badness 10000) in paragraph at lines 239--240

 []


Underfull \vbox (badness 10000) has occurred while \output is active []

 [16 <./images/pc2-unam.png> <./images/pc2-dgapa.png>]
<images/CACHE1.png, id=97, 1927.2pt x 1084.05pt>
File: images/CACHE1.png Graphic file (type png)
<use images/CACHE1.png>
Package pdftex.def Info: images/CACHE1.png  used on input line 244.
(pdftex.def)             Requested size: 341.41139pt x 227.60759pt.

Underfull \hbox (badness 10000) in paragraph at lines 244--245

 []

<images/CACHE2.png, id=98, 1927.2pt x 1084.05pt>
File: images/CACHE2.png Graphic file (type png)
<use images/CACHE2.png>
Package pdftex.def Info: images/CACHE2.png  used on input line 246.
(pdftex.def)             Requested size: 341.41139pt x 227.60759pt.

Underfull \hbox (badness 10000) in paragraph at lines 246--247

 []


Underfull \vbox (badness 10000) has occurred while \output is active []

 [17 <./images/lap y lab.png> <./images/CACHE1.png>]
<images/ip de lap y cel .png, id=102, 1927.2pt x 1084.05pt>
File: images/ip de lap y cel .png Graphic file (type png)
<use images/ip de lap y cel .png>
Package pdftex.def Info: images/ip de lap y cel .png  used on input line 254.
(pdftex.def)             Requested size: 341.41139pt x 227.60759pt.
<images/pregunta2.png, id=103, 1927.2pt x 1084.05pt>
File: images/pregunta2.png Graphic file (type png)
<use images/pregunta2.png>
Package pdftex.def Info: images/pregunta2.png  used on input line 256.
(pdftex.def)             Requested size: 341.41139pt x 227.60759pt.

Underfull \vbox (badness 10000) has occurred while \output is active []

 [18 <./images/CACHE2.png> <./images/ip de lap y cel .png>] [19 <./images/pregunta2.png>] [20] (./Main.aux) ) 
Here is how much of TeX's memory you used:
 4129 strings out of 478287
 70980 string characters out of 5849289
 371500 words of memory out of 5000000
 22292 multiletter control sequences out of 15000+600000
 473229 words of font info for 41 fonts, out of 8000000 for 9000
 1141 hyphenation exceptions out of 8191
 55i,13n,63p,685b,331s stack positions out of 5000i,500n,10000p,200000b,80000s
</usr/share/texlive/texmf-dist/fonts/type1/public/amsfonts/cm/cmbx10.pfb></usr/share/texlive/texmf-dist/fonts/type1/public/amsfonts/cm/cmbx12.pfb></usr/share/texlive/texmf-dist/fonts/type1/public/amsfonts/cm/cmcsc10.pfb></usr/share/texlive/texmf-dist/fonts/type1/public/amsfonts/cm/cmmi10.pfb></usr/share/texlive/texmf-dist/fonts/type1/public/amsfonts/cm/cmr10.pfb></usr/share/texlive/texmf-dist/fonts/type1/public/amsfonts/cm/cmr12.pfb></usr/share/texlive/texmf-dist/fonts/type1/public/amsfonts/cm/cmr8.pfb></usr/share/texlive/texmf-dist/fonts/type1/public/amsfonts/cm/cmr9.pfb></usr/share/texlive/texmf-dist/fonts/type1/public/amsfonts/cm/cmti9.pfb>
Output written on Main.pdf (20 pages, 12874188 bytes).
PDF statistics:
 153 PDF objects out of 1000 (max. 8388607)
 74 compressed objects within 1 object stream
 0 named destinations out of 1000 (max. 500000)
 181 words of extra memory for PDF output out of 10000 (max. 10000000)

